# JRE version: Java(TM) SE Runtime Environment (8.0_40-b27) (build 1.8.0_40-b27)
# Java VM: Java HotSpot(TM) 64-Bit Server VM (25.40-b25 mixed mode bsd-amd64 compressed oops)
Heap:
 PSYoungGen      total 135680K, used 51620K [0x000000076ab00000, 0x0000000775080000, 0x00000007c0000000)
  eden space 124928K, 32% used [0x000000076ab00000,0x000000076d2eedc8,0x0000000772500000)
  from space 10752K, 99% used [0x0000000772500000,0x0000000772f7a2a0,0x0000000772f80000)
  to   space 15360K, 0% used [0x0000000774180000,0x0000000774180000,0x0000000775080000)
 ParOldGen       total 110592K, used 13489K [0x00000006c0000000, 0x00000006c6c00000, 0x000000076ab00000)
  object space 110592K, 12% used [0x00000006c0000000,0x00000006c0d2c528,0x00000006c6c00000)
 Metaspace       used 32957K, capacity 33294K, committed 33664K, reserved 1079296K
  class space    used 4101K, capacity 4203K, committed 4224K, reserved 1048576K
GC Heap History (10 events):
Event: 1.199 GC heap before
{Heap before GC invocations=2 (full 0):
 PSYoungGen      total 76288K, used 73553K [0x000000076ab00000, 0x0000000770000000, 0x00000007c0000000)
  eden space 65536K, 100% used [0x000000076ab00000,0x000000076eb00000,0x000000076eb00000)
  from space 10752K, 74% used [0x000000076eb00000,0x000000076f2d4400,0x000000076f580000)
  to   space 10752K, 0% used [0x000000076f580000,0x000000076f580000,0x0000000770000000)
 ParOldGen       total 175104K, used 16K [0x00000006c0000000, 0x00000006cab00000, 0x000000076ab00000)
  object space 175104K, 0% used [0x00000006c0000000,0x00000006c0004000,0x00000006cab00000)
 Metaspace       used 16030K, capacity 16206K, committed 16384K, reserved 1062912K
  class space    used 1949K, capacity 1993K, committed 2048K, reserved 1048576K
Event: 1.206 GC heap after
Heap after GC invocations=2 (full 0):
 PSYoungGen      total 76288K, used 7332K [0x000000076ab00000, 0x0000000774000000, 0x00000007c0000000)
  eden space 65536K, 0% used [0x000000076ab00000,0x000000076ab00000,0x000000076eb00000)
  from space 10752K, 68% used [0x000000076f580000,0x000000076fca92d0,0x0000000770000000)
  to   space 10752K, 0% used [0x000000076eb00000,0x000000076eb00000,0x000000076f580000)
 ParOldGen       total 175104K, used 32K [0x00000006c0000000, 0x00000006cab00000, 0x000000076ab00000)
  object space 175104K, 0% used [0x00000006c0000000,0x00000006c0008000,0x00000006cab00000)
 Metaspace       used 16030K, capacity 16206K, committed 16384K, reserved 1062912K
  class space    used 1949K, capacity 1993K, committed 2048K, reserved 1048576K
}
Event: 1.603 GC heap before
{Heap before GC invocations=3 (full 0):
 PSYoungGen      total 76288K, used 57370K [0x000000076ab00000, 0x0000000774000000, 0x00000007c0000000)
  eden space 65536K, 76% used [0x000000076ab00000,0x000000076dbdd5c0,0x000000076eb00000)
  from space 10752K, 68% used [0x000000076f580000,0x000000076fca92d0,0x0000000770000000)
  to   space 10752K, 0% used [0x000000076eb00000,0x000000076eb00000,0x000000076f580000)
 ParOldGen       total 175104K, used 32K [0x00000006c0000000, 0x00000006cab00000, 0x000000076ab00000)
  object space 175104K, 0% used [0x00000006c0000000,0x00000006c0008000,0x00000006cab00000)
 Metaspace       used 20913K, capacity 21126K, committed 21296K, reserved 1069056K
  class space    used 2529K, capacity 2589K, committed 2688K, reserved 1048576K
Event: 1.609 GC heap after
Heap after GC invocations=3 (full 0):
 PSYoungGen      total 76288K, used 9334K [0x000000076ab00000, 0x0000000774000000, 0x00000007c0000000)
  eden space 65536K, 0% used [0x000000076ab00000,0x000000076ab00000,0x000000076eb00000)
  from space 10752K, 86% used [0x000000076eb00000,0x000000076f41d998,0x000000076f580000)
  to   space 10752K, 0% used [0x0000000773580000,0x0000000773580000,0x0000000774000000)
 ParOldGen       total 175104K, used 104K [0x00000006c0000000, 0x00000006cab00000, 0x000000076ab00000)
  object space 175104K, 0% used [0x00000006c0000000,0x00000006c001a010,0x00000006cab00000)
 Metaspace       used 20913K, capacity 21126K, committed 21296K, reserved 1069056K
  class space    used 2529K, capacity 2589K, committed 2688K, reserved 1048576K
}
Event: 1.609 GC heap before
{Heap before GC invocations=4 (full 1):
 PSYoungGen      total 76288K, used 9334K [0x000000076ab00000, 0x0000000774000000, 0x00000007c0000000)
  eden space 65536K, 0% used [0x000000076ab00000,0x000000076ab00000,0x000000076eb00000)
  from space 10752K, 86% used [0x000000076eb00000,0x000000076f41d998,0x000000076f580000)
  to   space 10752K, 0% used [0x0000000773580000,0x0000000773580000,0x0000000774000000)
 ParOldGen       total 175104K, used 104K [0x00000006c0000000, 0x00000006cab00000, 0x000000076ab00000)
  object space 175104K, 0% used [0x00000006c0000000,0x00000006c001a010,0x00000006cab00000)
 Metaspace       used 20913K, capacity 21126K, committed 21296K, reserved 1069056K
  class space    used 2529K, capacity 2589K, committed 2688K, reserved 1048576K
Event: 1.635 GC heap after
Heap after GC invocations=4 (full 1):
 PSYoungGen      total 76288K, used 0K [0x000000076ab00000, 0x0000000774000000, 0x00000007c0000000)
  eden space 65536K, 0% used [0x000000076ab00000,0x000000076ab00000,0x000000076eb00000)
  from space 10752K, 0% used [0x000000076eb00000,0x000000076eb00000,0x000000076f580000)
  to   space 10752K, 0% used [0x0000000773580000,0x0000000773580000,0x0000000774000000)
 ParOldGen       total 110592K, used 9077K [0x00000006c0000000, 0x00000006c6c00000, 0x000000076ab00000)
  object space 110592K, 8% used [0x00000006c0000000,0x00000006c08dd548,0x00000006c6c00000)
 Metaspace       used 20913K, capacity 21126K, committed 21296K, reserved 1069056K
  class space    used 2529K, capacity 2589K, committed 2688K, reserved 1048576K
}
Event: 2.052 GC heap before
{Heap before GC invocations=5 (full 1):
 PSYoungGen      total 76288K, used 65536K [0x000000076ab00000, 0x0000000774000000, 0x00000007c0000000)
  eden space 65536K, 100% used [0x000000076ab00000,0x000000076eb00000,0x000000076eb00000)
  from space 10752K, 0% used [0x000000076eb00000,0x000000076eb00000,0x000000076f580000)
  to   space 10752K, 0% used [0x0000000773580000,0x0000000773580000,0x0000000774000000)
 ParOldGen       total 110592K, used 9077K [0x00000006c0000000, 0x00000006c6c00000, 0x000000076ab00000)
  object space 110592K, 8% used [0x00000006c0000000,0x00000006c08dd548,0x00000006c6c00000)
 Metaspace       used 23668K, capacity 23870K, committed 24320K, reserved 1071104K
  class space    used 2887K, capacity 2945K, committed 3072K, reserved 1048576K
Event: 2.058 GC heap after
Heap after GC invocations=5 (full 1):
 PSYoungGen      total 99840K, used 4423K [0x000000076ab00000, 0x0000000773a00000, 0x00000007c0000000)
  eden space 95232K, 0% used [0x000000076ab00000,0x000000076ab00000,0x0000000770800000)
  from space 4608K, 96% used [0x0000000773580000,0x00000007739d1f20,0x0000000773a00000)
  to   space 10752K, 0% used [0x0000000772500000,0x0000000772500000,0x0000000772f80000)
 ParOldGen       total 110592K, used 9085K [0x00000006c0000000, 0x00000006c6c00000, 0x000000076ab00000)
  object space 110592K, 8% used [0x00000006c0000000,0x00000006c08df548,0x00000006c6c00000)
 Metaspace       used 23668K, capacity 23870K, committed 24320K, reserved 1071104K
  class space    used 2887K, capacity 2945K, committed 3072K, reserved 1048576K
}
Event: 2.782 GC heap before
{Heap before GC invocations=6 (full 1):
 PSYoungGen      total 99840K, used 99655K [0x000000076ab00000, 0x0000000773a00000, 0x00000007c0000000)
  eden space 95232K, 100% used [0x000000076ab00000,0x0000000770800000,0x0000000770800000)
  from space 4608K, 96% used [0x0000000773580000,0x00000007739d1f20,0x0000000773a00000)
  to   space 10752K, 0% used [0x0000000772500000,0x0000000772500000,0x0000000772f80000)
 ParOldGen       total 110592K, used 9085K [0x00000006c0000000, 0x00000006c6c00000, 0x000000076ab00000)
  object space 110592K, 8% used [0x00000006c0000000,0x00000006c08df548,0x00000006c6c00000)
 Metaspace       used 30985K, capacity 31254K, committed 31616K, reserved 1077248K
  class space    used 3847K, capacity 3929K, committed 3968K, reserved 1048576K
Event: 2.792 GC heap after
Heap after GC invocations=6 (full 1):
 PSYoungGen      total 135680K, used 10728K [0x000000076ab00000, 0x0000000775080000, 0x00000007c0000000)
  eden space 124928K, 0% used [0x000000076ab00000,0x000000076ab00000,0x0000000772500000)
  from space 10752K, 99% used [0x0000000772500000,0x0000000772f7a2a0,0x0000000772f80000)
  to   space 15360K, 0% used [0x0000000774180000,0x0000000774180000,0x0000000775080000)
 ParOldGen       total 110592K, used 13489K [0x00000006c0000000, 0x00000006c6c00000, 0x000000076ab00000)
  object space 110592K, 12% used [0x00000006c0000000,0x00000006c0d2c528,0x00000006c6c00000)
 Metaspace       used 30985K, capacity 31254K, committed 31616K, reserved 1077248K
  class space    used 3847K, capacity 3929K, committed 3968K, reserved 1048576K
}

